<?xml version="1.0" encoding="UTF-8"?>
<!-- Generated by org.testng.reporters.JUnitReportReporter -->
<testsuite hostname="recep-mbp" failures="0" tests="1" name="com.enuygun.trialCheckin" time="61.736" errors="0" timestamp="09 Nis 2019 14:50:12 GMT" skipped="0">
  <testcase classname="com.enuygun.trialCheckin" name="Test" time="61.736"/>
</testsuite> <!-- com.enuygun.trialCheckin -->
